03/22/21 2:22:53: style.scss - Undefined variable $loading-bg: /Users/shotakawakatsu/Local Sites/ill-template/app/public/wp-content/themes/ill/asset/scss/style.scss on line 45, at column 3
03/22/21 2:22:53: header.scss - Undefined variable $menu-color: /Users/shotakawakatsu/Local Sites/ill-template/app/public/wp-content/themes/ill/asset/scss/header.scss on line 20, at column 3
03/22/21 2:23:44: style.scss - Undefined variable $loading-bg: /Users/shotakawakatsu/Local Sites/ill-template/app/public/wp-content/themes/ill/asset/scss/style.scss on line 45, at column 3
03/22/21 2:23:44: header.scss - Undefined variable $menu-color: /Users/shotakawakatsu/Local Sites/ill-template/app/public/wp-content/themes/ill/asset/scss/header.scss on line 20, at column 3
03/22/21 2:24:19: style.scss - Undefined variable $loading-bg: /Users/shotakawakatsu/Local Sites/ill-template/app/public/wp-content/themes/ill/asset/scss/style.scss on line 45, at column 3
03/22/21 2:24:19: header.scss - Undefined variable $menu-color: /Users/shotakawakatsu/Local Sites/ill-template/app/public/wp-content/themes/ill/asset/scss/header.scss on line 20, at column 3
03/22/21 2:24:21: style.scss - Undefined variable $loading-bg: /Users/shotakawakatsu/Local Sites/ill-template/app/public/wp-content/themes/ill/asset/scss/style.scss on line 45, at column 3
03/22/21 2:24:21: header.scss - Undefined variable $menu-color: /Users/shotakawakatsu/Local Sites/ill-template/app/public/wp-content/themes/ill/asset/scss/header.scss on line 20, at column 3
03/22/21 4:49:07: header.scss - Undefined variable $menu-color: /Users/shotakawakatsu/Local Sites/ill-template/app/public/wp-content/themes/ill/asset/scss/header.scss on line 20, at column 3
03/22/21 4:51:09: header.scss - Undefined variable $menu-color: /Users/shotakawakatsu/Local Sites/ill-template/app/public/wp-content/themes/ill/asset/scss/header.scss on line 20, at column 3
03/22/21 4:53:10: header.scss - Undefined variable $menu-color: /Users/shotakawakatsu/Local Sites/ill-template/app/public/wp-content/themes/ill/asset/scss/header.scss on line 20, at column 3
03/22/21 4:55:11: header.scss - Undefined variable $menu-color: /Users/shotakawakatsu/Local Sites/ill-template/app/public/wp-content/themes/ill/asset/scss/header.scss on line 20, at column 3
03/22/21 4:57:11: header.scss - Undefined variable $menu-color: /Users/shotakawakatsu/Local Sites/ill-template/app/public/wp-content/themes/ill/asset/scss/header.scss on line 20, at column 3
03/23/21 2:40:31: header.scss - Undefined variable $menu-color: /Users/shotakawakatsu/Local Sites/ill-template/app/public/wp-content/themes/ill/asset/scss/header.scss on line 20, at column 3
03/23/21 2:40:33: header.scss - Undefined variable $menu-color: /Users/shotakawakatsu/Local Sites/ill-template/app/public/wp-content/themes/ill/asset/scss/header.scss on line 20, at column 3
03/23/21 2:40:38: header.scss - Undefined variable $menu-color: /Users/shotakawakatsu/Local Sites/ill-template/app/public/wp-content/themes/ill/asset/scss/header.scss on line 20, at column 3
03/23/21 2:42:32: header.scss - Undefined variable $menu-color: /Users/shotakawakatsu/Local Sites/ill-template/app/public/wp-content/themes/ill/asset/scss/header.scss on line 20, at column 3
03/23/21 2:42:34: header.scss - Undefined variable $menu-color: /Users/shotakawakatsu/Local Sites/ill-template/app/public/wp-content/themes/ill/asset/scss/header.scss on line 20, at column 3
03/23/21 2:44:34: header.scss - Undefined variable $menu-color: /Users/shotakawakatsu/Local Sites/ill-template/app/public/wp-content/themes/ill/asset/scss/header.scss on line 20, at column 3
03/23/21 2:44:34: header.scss - Undefined variable $menu-color: /Users/shotakawakatsu/Local Sites/ill-template/app/public/wp-content/themes/ill/asset/scss/header.scss on line 20, at column 3
03/23/21 2:46:34: header.scss - Undefined variable $menu-color: /Users/shotakawakatsu/Local Sites/ill-template/app/public/wp-content/themes/ill/asset/scss/header.scss on line 20, at column 3
03/23/21 2:46:36: header.scss - Undefined variable $menu-color: /Users/shotakawakatsu/Local Sites/ill-template/app/public/wp-content/themes/ill/asset/scss/header.scss on line 20, at column 3
03/23/21 2:48:35: header.scss - Undefined variable $menu-color: /Users/shotakawakatsu/Local Sites/ill-template/app/public/wp-content/themes/ill/asset/scss/header.scss on line 20, at column 3
03/23/21 2:48:36: header.scss - Undefined variable $menu-color: /Users/shotakawakatsu/Local Sites/ill-template/app/public/wp-content/themes/ill/asset/scss/header.scss on line 20, at column 3
03/23/21 2:50:36: header.scss - Undefined variable $menu-color: /Users/shotakawakatsu/Local Sites/ill-template/app/public/wp-content/themes/ill/asset/scss/header.scss on line 20, at column 3
03/23/21 2:50:37: header.scss - Undefined variable $menu-color: /Users/shotakawakatsu/Local Sites/ill-template/app/public/wp-content/themes/ill/asset/scss/header.scss on line 20, at column 3
04/11/21 9:01:19: header.scss - Undefined variable $menu-color: /Users/shotakawakatsu/Local Sites/ill-template/app/public/wp-content/themes/ill/asset/scss/header.scss on line 20, at column 3
04/11/21 9:01:24: header.scss - Undefined variable $menu-color: /Users/shotakawakatsu/Local Sites/ill-template/app/public/wp-content/themes/ill/asset/scss/header.scss on line 20, at column 3
04/11/21 9:01:30: header.scss - Undefined variable $menu-color: /Users/shotakawakatsu/Local Sites/ill-template/app/public/wp-content/themes/ill/asset/scss/header.scss on line 20, at column 3
04/11/21 9:01:33: header.scss - Undefined variable $menu-color: /Users/shotakawakatsu/Local Sites/ill-template/app/public/wp-content/themes/ill/asset/scss/header.scss on line 20, at column 3
04/11/21 9:01:40: header.scss - Undefined variable $menu-color: /Users/shotakawakatsu/Local Sites/ill-template/app/public/wp-content/themes/ill/asset/scss/header.scss on line 20, at column 3
04/11/21 9:01:40: header.scss - Undefined variable $menu-color: /Users/shotakawakatsu/Local Sites/ill-template/app/public/wp-content/themes/ill/asset/scss/header.scss on line 20, at column 3
04/11/21 9:01:40: header.scss - Undefined variable $menu-color: /Users/shotakawakatsu/Local Sites/ill-template/app/public/wp-content/themes/ill/asset/scss/header.scss on line 20, at column 3
04/11/21 9:01:41: header.scss - Undefined variable $menu-color: /Users/shotakawakatsu/Local Sites/ill-template/app/public/wp-content/themes/ill/asset/scss/header.scss on line 20, at column 3
04/11/21 9:01:42: header.scss - Undefined variable $menu-color: /Users/shotakawakatsu/Local Sites/ill-template/app/public/wp-content/themes/ill/asset/scss/header.scss on line 20, at column 3
04/11/21 9:01:42: header.scss - Undefined variable $menu-color: /Users/shotakawakatsu/Local Sites/ill-template/app/public/wp-content/themes/ill/asset/scss/header.scss on line 20, at column 3
04/11/21 9:01:45: header.scss - Undefined variable $menu-color: /Users/shotakawakatsu/Local Sites/ill-template/app/public/wp-content/themes/ill/asset/scss/header.scss on line 20, at column 3
04/11/21 9:01:45: header.scss - Undefined variable $menu-color: /Users/shotakawakatsu/Local Sites/ill-template/app/public/wp-content/themes/ill/asset/scss/header.scss on line 20, at column 3
04/11/21 9:01:46: header.scss - Undefined variable $menu-color: /Users/shotakawakatsu/Local Sites/ill-template/app/public/wp-content/themes/ill/asset/scss/header.scss on line 20, at column 3
04/11/21 9:01:47: header.scss - Undefined variable $menu-color: /Users/shotakawakatsu/Local Sites/ill-template/app/public/wp-content/themes/ill/asset/scss/header.scss on line 20, at column 3
04/11/21 9:01:49: header.scss - Undefined variable $menu-color: /Users/shotakawakatsu/Local Sites/ill-template/app/public/wp-content/themes/ill/asset/scss/header.scss on line 20, at column 3
04/11/21 9:01:50: header.scss - Undefined variable $menu-color: /Users/shotakawakatsu/Local Sites/ill-template/app/public/wp-content/themes/ill/asset/scss/header.scss on line 20, at column 3
04/11/21 9:01:51: header.scss - Undefined variable $menu-color: /Users/shotakawakatsu/Local Sites/ill-template/app/public/wp-content/themes/ill/asset/scss/header.scss on line 20, at column 3
04/11/21 9:01:51: header.scss - Undefined variable $menu-color: /Users/shotakawakatsu/Local Sites/ill-template/app/public/wp-content/themes/ill/asset/scss/header.scss on line 20, at column 3
04/11/21 9:01:52: header.scss - Undefined variable $menu-color: /Users/shotakawakatsu/Local Sites/ill-template/app/public/wp-content/themes/ill/asset/scss/header.scss on line 20, at column 3
04/11/21 9:01:52: header.scss - Undefined variable $menu-color: /Users/shotakawakatsu/Local Sites/ill-template/app/public/wp-content/themes/ill/asset/scss/header.scss on line 20, at column 3
04/11/21 9:01:53: header.scss - Undefined variable $menu-color: /Users/shotakawakatsu/Local Sites/ill-template/app/public/wp-content/themes/ill/asset/scss/header.scss on line 20, at column 3
04/27/21 6:41:07: header.scss - Undefined variable $menu-color: /Users/shotakawakatsu/Local Sites/ill-template/app/public/wp-content/themes/ill/asset/scss/header.scss on line 20, at column 3
04/27/21 6:41:11: header.scss - Undefined variable $menu-color: /Users/shotakawakatsu/Local Sites/ill-template/app/public/wp-content/themes/ill/asset/scss/header.scss on line 20, at column 3
04/27/21 6:41:17: header.scss - Undefined variable $menu-color: /Users/shotakawakatsu/Local Sites/ill-template/app/public/wp-content/themes/ill/asset/scss/header.scss on line 20, at column 3
04/27/21 6:41:17: header.scss - Undefined variable $menu-color: /Users/shotakawakatsu/Local Sites/ill-template/app/public/wp-content/themes/ill/asset/scss/header.scss on line 20, at column 3
04/27/21 6:41:18: header.scss - Undefined variable $menu-color: /Users/shotakawakatsu/Local Sites/ill-template/app/public/wp-content/themes/ill/asset/scss/header.scss on line 20, at column 3
04/27/21 6:41:18: header.scss - Undefined variable $menu-color: /Users/shotakawakatsu/Local Sites/ill-template/app/public/wp-content/themes/ill/asset/scss/header.scss on line 20, at column 3
04/27/21 6:41:19: header.scss - Undefined variable $menu-color: /Users/shotakawakatsu/Local Sites/ill-template/app/public/wp-content/themes/ill/asset/scss/header.scss on line 20, at column 3
04/27/21 6:41:23: header.scss - Undefined variable $menu-color: /Users/shotakawakatsu/Local Sites/ill-template/app/public/wp-content/themes/ill/asset/scss/header.scss on line 20, at column 3
04/27/21 6:41:23: header.scss - Undefined variable $menu-color: /Users/shotakawakatsu/Local Sites/ill-template/app/public/wp-content/themes/ill/asset/scss/header.scss on line 20, at column 3
04/27/21 6:41:23: header.scss - Undefined variable $menu-color: /Users/shotakawakatsu/Local Sites/ill-template/app/public/wp-content/themes/ill/asset/scss/header.scss on line 20, at column 3
04/27/21 6:41:23: header.scss - Undefined variable $menu-color: /Users/shotakawakatsu/Local Sites/ill-template/app/public/wp-content/themes/ill/asset/scss/header.scss on line 20, at column 3
04/27/21 6:41:24: header.scss - Undefined variable $menu-color: /Users/shotakawakatsu/Local Sites/ill-template/app/public/wp-content/themes/ill/asset/scss/header.scss on line 20, at column 3
04/27/21 6:41:27: header.scss - Undefined variable $menu-color: /Users/shotakawakatsu/Local Sites/ill-template/app/public/wp-content/themes/ill/asset/scss/header.scss on line 20, at column 3
04/27/21 6:41:30: header.scss - Undefined variable $menu-color: /Users/shotakawakatsu/Local Sites/ill-template/app/public/wp-content/themes/ill/asset/scss/header.scss on line 20, at column 3
04/27/21 6:41:30: header.scss - Undefined variable $menu-color: /Users/shotakawakatsu/Local Sites/ill-template/app/public/wp-content/themes/ill/asset/scss/header.scss on line 20, at column 3
04/27/21 6:41:30: header.scss - Undefined variable $menu-color: /Users/shotakawakatsu/Local Sites/ill-template/app/public/wp-content/themes/ill/asset/scss/header.scss on line 20, at column 3
04/27/21 6:41:31: header.scss - Undefined variable $menu-color: /Users/shotakawakatsu/Local Sites/ill-template/app/public/wp-content/themes/ill/asset/scss/header.scss on line 20, at column 3
04/27/21 6:41:31: header.scss - Undefined variable $menu-color: /Users/shotakawakatsu/Local Sites/ill-template/app/public/wp-content/themes/ill/asset/scss/header.scss on line 20, at column 3
04/27/21 6:56:19: editor-style.scss - Undefined mixin content: /Users/shotakawakatsu/Local Sites/ill-template/app/public/wp-content/themes/ill/asset/scss/editor-style.scss on line 11, at column 3
04/27/21 6:56:19: editor-style.scss - Undefined mixin content: /Users/shotakawakatsu/Local Sites/ill-template/app/public/wp-content/themes/ill/asset/scss/editor-style.scss on line 11, at column 3
04/27/21 6:56:27: editor-style.scss - Undefined mixin content: /Users/shotakawakatsu/Local Sites/ill-template/app/public/wp-content/themes/ill/asset/scss/editor-style.scss on line 11, at column 3
04/27/21 6:56:35: editor-style.scss - Undefined mixin content: /Users/shotakawakatsu/Local Sites/ill-template/app/public/wp-content/themes/ill/asset/scss/editor-style.scss on line 11, at column 3
04/27/21 6:56:36: editor-style.scss - Undefined mixin content: /Users/shotakawakatsu/Local Sites/ill-template/app/public/wp-content/themes/ill/asset/scss/editor-style.scss on line 11, at column 3
04/27/21 6:57:35: editor-style.scss - Undefined mixin content: /Users/shotakawakatsu/Local Sites/ill-template/app/public/wp-content/themes/ill/asset/scss/editor-style.scss on line 11, at column 3
04/27/21 6:58:35: editor-style.scss - Undefined mixin content: /Users/shotakawakatsu/Local Sites/ill-template/app/public/wp-content/themes/ill/asset/scss/editor-style.scss on line 11, at column 3
04/27/21 6:59:35: editor-style.scss - Undefined mixin content: /Users/shotakawakatsu/Local Sites/ill-template/app/public/wp-content/themes/ill/asset/scss/editor-style.scss on line 11, at column 3
04/27/21 7:00:35: editor-style.scss - Undefined mixin content: /Users/shotakawakatsu/Local Sites/ill-template/app/public/wp-content/themes/ill/asset/scss/editor-style.scss on line 11, at column 3
04/27/21 7:01:35: editor-style.scss - Undefined mixin content: /Users/shotakawakatsu/Local Sites/ill-template/app/public/wp-content/themes/ill/asset/scss/editor-style.scss on line 11, at column 3
04/27/21 7:02:36: editor-style.scss - Undefined mixin content: /Users/shotakawakatsu/Local Sites/ill-template/app/public/wp-content/themes/ill/asset/scss/editor-style.scss on line 11, at column 3
04/27/21 7:03:35: editor-style.scss - Undefined mixin content: /Users/shotakawakatsu/Local Sites/ill-template/app/public/wp-content/themes/ill/asset/scss/editor-style.scss on line 11, at column 3
04/27/21 7:03:46: editor-style.scss - Undefined mixin content: /Users/shotakawakatsu/Local Sites/ill-template/app/public/wp-content/themes/ill/asset/scss/editor-style.scss on line 11, at column 3
04/27/21 7:03:49: editor-style.scss - Undefined mixin content: /Users/shotakawakatsu/Local Sites/ill-template/app/public/wp-content/themes/ill/asset/scss/editor-style.scss on line 11, at column 3
04/27/21 7:03:49: editor-style.scss - Undefined mixin content: /Users/shotakawakatsu/Local Sites/ill-template/app/public/wp-content/themes/ill/asset/scss/editor-style.scss on line 11, at column 3
04/27/21 7:03:52: editor-style.scss - Undefined mixin content: /Users/shotakawakatsu/Local Sites/ill-template/app/public/wp-content/themes/ill/asset/scss/editor-style.scss on line 11, at column 3
04/27/21 7:04:52: editor-style.scss - Undefined mixin content: /Users/shotakawakatsu/Local Sites/ill-template/app/public/wp-content/themes/ill/asset/scss/editor-style.scss on line 11, at column 3
04/27/21 7:04:52: editor-style.scss - Undefined mixin content: /Users/shotakawakatsu/Local Sites/ill-template/app/public/wp-content/themes/ill/asset/scss/editor-style.scss on line 11, at column 3
04/27/21 7:05:14: editor-style.scss - Undefined mixin content: /Users/shotakawakatsu/Local Sites/ill-template/app/public/wp-content/themes/ill/asset/scss/editor-style.scss on line 11, at column 3
04/27/21 7:05:22: editor-style.scss - Undefined mixin content: /Users/shotakawakatsu/Local Sites/ill-template/app/public/wp-content/themes/ill/asset/scss/editor-style.scss on line 11, at column 3
04/27/21 7:05:22: editor-style.scss - Undefined mixin content: /Users/shotakawakatsu/Local Sites/ill-template/app/public/wp-content/themes/ill/asset/scss/editor-style.scss on line 11, at column 3
04/27/21 7:05:54: editor-style.scss - Undefined mixin content: /Users/shotakawakatsu/Local Sites/ill-template/app/public/wp-content/themes/ill/asset/scss/editor-style.scss on line 11, at column 3
04/27/21 7:06:24: editor-style.scss - Undefined variable $lightgrey2: /Users/shotakawakatsu/Local Sites/ill-template/app/public/wp-content/themes/ill/asset/scss/editor-style.scss on line 228, at column 9
04/27/21 7:14:28: style.scss - Undefined variable $white: /Users/shotakawakatsu/Local Sites/ill-template/app/public/wp-content/themes/ill/asset/scss/style.scss on line 14, at column 3
04/27/21 7:14:28: header.scss - Undefined variable $menu-color: /Users/shotakawakatsu/Local Sites/ill-template/app/public/wp-content/themes/ill/asset/scss/header.scss on line 20, at column 3
04/27/21 7:14:28: footer.scss - Undefined variable $white: /Users/shotakawakatsu/Local Sites/ill-template/app/public/wp-content/themes/ill/asset/scss/footer.scss on line 22, at column 5
04/27/21 7:14:29: style.scss - Undefined variable $white: /Users/shotakawakatsu/Local Sites/ill-template/app/public/wp-content/themes/ill/asset/scss/style.scss on line 14, at column 3
04/27/21 7:14:29: header.scss - Undefined variable $menu-color: /Users/shotakawakatsu/Local Sites/ill-template/app/public/wp-content/themes/ill/asset/scss/header.scss on line 20, at column 3
04/27/21 7:14:29: footer.scss - Undefined variable $white: /Users/shotakawakatsu/Local Sites/ill-template/app/public/wp-content/themes/ill/asset/scss/footer.scss on line 22, at column 5
04/27/21 7:14:33: style.scss - Undefined variable $white: /Users/shotakawakatsu/Local Sites/ill-template/app/public/wp-content/themes/ill/asset/scss/style.scss on line 14, at column 3
04/27/21 7:14:33: header.scss - Undefined variable $menu-color: /Users/shotakawakatsu/Local Sites/ill-template/app/public/wp-content/themes/ill/asset/scss/header.scss on line 20, at column 3
04/27/21 7:14:33: footer.scss - Undefined variable $white: /Users/shotakawakatsu/Local Sites/ill-template/app/public/wp-content/themes/ill/asset/scss/footer.scss on line 22, at column 5
04/27/21 7:16:29: style.scss - Undefined variable $white: /Users/shotakawakatsu/Local Sites/ill-template/app/public/wp-content/themes/ill/asset/scss/style.scss on line 14, at column 3
04/27/21 7:16:29: header.scss - Undefined variable $menu-color: /Users/shotakawakatsu/Local Sites/ill-template/app/public/wp-content/themes/ill/asset/scss/header.scss on line 20, at column 3
04/27/21 7:16:29: footer.scss - Undefined variable $white: /Users/shotakawakatsu/Local Sites/ill-template/app/public/wp-content/themes/ill/asset/scss/footer.scss on line 22, at column 5
04/27/21 7:16:34: style.scss - Undefined variable $white: /Users/shotakawakatsu/Local Sites/ill-template/app/public/wp-content/themes/ill/asset/scss/style.scss on line 14, at column 3
04/27/21 7:16:34: header.scss - Undefined variable $menu-color: /Users/shotakawakatsu/Local Sites/ill-template/app/public/wp-content/themes/ill/asset/scss/header.scss on line 20, at column 3
04/27/21 7:16:34: footer.scss - Undefined variable $white: /Users/shotakawakatsu/Local Sites/ill-template/app/public/wp-content/themes/ill/asset/scss/footer.scss on line 22, at column 5
04/27/21 7:18:35: style.scss - Undefined variable $white: /Users/shotakawakatsu/Local Sites/ill-template/app/public/wp-content/themes/ill/asset/scss/style.scss on line 14, at column 3
04/27/21 7:18:35: header.scss - Undefined variable $menu-color: /Users/shotakawakatsu/Local Sites/ill-template/app/public/wp-content/themes/ill/asset/scss/header.scss on line 20, at column 3
04/27/21 7:18:35: footer.scss - Undefined variable $white: /Users/shotakawakatsu/Local Sites/ill-template/app/public/wp-content/themes/ill/asset/scss/footer.scss on line 22, at column 5
04/27/21 7:18:40: style.scss - Undefined variable $white: /Users/shotakawakatsu/Local Sites/ill-template/app/public/wp-content/themes/ill/asset/scss/style.scss on line 14, at column 3
04/27/21 7:18:40: header.scss - Undefined variable $menu-color: /Users/shotakawakatsu/Local Sites/ill-template/app/public/wp-content/themes/ill/asset/scss/header.scss on line 20, at column 3
04/27/21 7:18:40: footer.scss - Undefined variable $white: /Users/shotakawakatsu/Local Sites/ill-template/app/public/wp-content/themes/ill/asset/scss/footer.scss on line 22, at column 5
04/27/21 7:19:36: style.scss - Undefined variable $whitefff: /Users/shotakawakatsu/Local Sites/ill-template/app/public/wp-content/themes/ill/asset/scss/style.scss on line 14, at column 3
04/27/21 7:19:36: header.scss - Undefined variable $menu-bg: /Users/shotakawakatsu/Local Sites/ill-template/app/public/wp-content/themes/ill/asset/scss/header.scss on line 55, at column 5
04/27/21 7:19:36: footer.scss - Undefined variable $white: /Users/shotakawakatsu/Local Sites/ill-template/app/public/wp-content/themes/ill/asset/scss/footer.scss on line 22, at column 5
